Using pre-set license
Built from '2020.3/staging' branch; Version is '2020.3.0f1 (c7b5465681fb) revision 13088070'; Using compiler version '192528614'; Build Type 'Release'
OS: 'Windows 10 Home Single Language; OS build 18363.1500; Version 1909; 64bit' Language: 'pt' Physical Memory: 10178 MB
BatchMode: 1, IsHumanControllingUs: 0, StartBugReporterOnCrash: 0, Is64bit: 1, IsPro: 0

 COMMAND LINE ARGUMENTS:
C:\Program Files\Unity\Hub\Editor\2019.4.3f1\Editor\Unity.exe
-adb2
-batchMode
-noUpm
-name
AssetImportWorker0
-projectPath
C:/Users/baldu/LearningRPG/Learning_RPG
-logFile
Logs/AssetImportWorker0.log
-srvPort
53336
Successfully changed project path to: C:/Users/baldu/LearningRPG/Learning_RPG
C:/Users/baldu/LearningRPG/Learning_RPG
Using Asset Import Pipeline V2.
Refreshing native plugins compatible for Editor in 75.01 ms, found 0 plugins.
Preloading 0 native plugins for Editor in 0.00 ms.
Initialize engine version: 2020.3.0f1 (c7b5465681fb)
[Subsystems] Discovering subsystems at path C:/Program Files/Unity/Hub/Editor/2019.4.3f1/Editor/Data/Resources/UnitySubsystems
[Subsystems] Discovering subsystems at path C:/Users/baldu/LearningRPG/Learning_RPG/Assets
GfxDevice: creating device client; threaded=0
Direct3D:
    Version:  Direct3D 11.0 [level 11.1]
    Renderer: AMD Radeon(TM) Vega 8 Graphics (ID=0x15d8)
    Vendor:   
    VRAM:     5089 MB
    Driver:   26.20.11028.1002
Initialize mono
Mono path[0] = 'C:/Program Files/Unity/Hub/Editor/2019.4.3f1/Editor/Data/Managed'
Mono path[1] = 'C:/Program Files/Unity/Hub/Editor/2019.4.3f1/Editor/Data/MonoBleedingEdge/lib/mono/unityjit'
Mono config path = 'C:/Program Files/Unity/Hub/Editor/2019.4.3f1/Editor/Data/MonoBleedingEdge/etc'
Using monoOptions --debugger-agent=transport=dt_socket,embedding=1,server=y,suspend=n,address=127.0.0.1:56500
Begin MonoManager ReloadAssembly
Registering precompiled unity dll's ...
Register platform support module: C:/Program Files/Unity/Hub/Editor/2019.4.3f1/Editor/Data/PlaybackEngines/WindowsStandaloneSupport/UnityEditor.WindowsStandalone.Extensions.dll
Registered in 0.004630 seconds.
Native extension for WindowsStandalone target not found
Refreshing native plugins compatible for Editor in 77.02 ms, found 0 plugins.
Preloading 0 native plugins for Editor in 0.00 ms.
Invoked RoslynAnalysisRunner static constructor.
RoslynAnalysisRunner will not be running.
RoslynAnalysisRunner has terminated.
Mono: successfully reloaded assembly
- Completed reload, in  2.580 seconds
Platform modules already initialized, skipping
Registering precompiled user dll's ...
Registered in 0.002521 seconds.
Begin MonoManager ReloadAssembly
Native extension for WindowsStandalone target not found
Refreshing native plugins compatible for Editor in 62.87 ms, found 0 plugins.
Preloading 0 native plugins for Editor in 0.00 ms.
Invoked RoslynAnalysisRunner static constructor.
RoslynAnalysisRunner will not be running.
RoslynAnalysisRunner has terminated.
Mono: successfully reloaded assembly
- Completed reload, in  3.098 seconds
Platform modules already initialized, skipping
========================================================================
Worker process is ready to serve import requests
Launched and connected shader compiler UnityShaderCompiler.exe after 0.35 seconds
Refreshing native plugins compatible for Editor in 0.56 ms, found 0 plugins.
Preloading 0 native plugins for Editor in 0.00 ms.
Unloading 1303 Unused Serialized files (Serialized files now loaded: 0)
System memory in use before: 69.2 MB.
System memory in use after: 69.1 MB.

Unloading 23 unused Assets to reduce memory usage. Loaded Objects now: 1754.
Total: 6.500800 ms (FindLiveObjects: 1.603500 ms CreateObjectMapping: 0.398600 ms MarkObjects: 4.087600 ms  DeleteObjects: 0.405800 ms)

========================================================================
Received Import Request.
  path: Assets/Samples/Terrain Tools/0.1.0-preview/Terrain Assets
  artifactKey: Guid(a01886a9b38a95e40841c569d7cf7142) Importer(815301076,1909f56bfc062723c751e8b465ee728b)
Start importing Assets/Samples/Terrain Tools/0.1.0-preview/Terrain Assets using Guid(a01886a9b38a95e40841c569d7cf7142) Importer(815301076,1909f56bfc062723c751e8b465ee728b)  -> (artifact id: 'e5b23253eb58cc67fd0ea973a171d66b') in 0.145517 seconds
  Import took 0.150147 seconds .

========================================================================
Received Import Request.
  Time since last request: 0.050312 seconds.
  path: Assets/Samples/Terrain Tools/0.1.0-preview
  artifactKey: Guid(f5262289237df3346b0ac6cdb9e712fd) Importer(815301076,1909f56bfc062723c751e8b465ee728b)
Start importing Assets/Samples/Terrain Tools/0.1.0-preview using Guid(f5262289237df3346b0ac6cdb9e712fd) Importer(815301076,1909f56bfc062723c751e8b465ee728b)  -> (artifact id: '1f4509f51ca81cb21cfba518240c9afc') in 0.022959 seconds
  Import took 0.028025 seconds .

========================================================================
Received Import Request.
  Time since last request: 0.000646 seconds.
  path: Assets/Samples/Terrain Tools
  artifactKey: Guid(1201ea0d1fea8e54eaccdbb92780bf53) Importer(815301076,1909f56bfc062723c751e8b465ee728b)
Start importing Assets/Samples/Terrain Tools using Guid(1201ea0d1fea8e54eaccdbb92780bf53) Importer(815301076,1909f56bfc062723c751e8b465ee728b)  -> (artifact id: 'c9247d8ae56d69f31c8f8f1013752c8d') in 0.025875 seconds
  Import took 0.093944 seconds .

========================================================================
Received Import Request.
  Time since last request: 379.514662 seconds.
  path: Assets/Standard Assets/Utility
  artifactKey: Guid(4539eb30e895bbb41b5eae6df2dde978) Importer(815301076,1909f56bfc062723c751e8b465ee728b)
Start importing Assets/Standard Assets/Utility using Guid(4539eb30e895bbb41b5eae6df2dde978) Importer(815301076,1909f56bfc062723c751e8b465ee728b)  -> (artifact id: '15a6be34771fddc9e031ec51b22f793d') in 0.024856 seconds
  Import took 0.030004 seconds .

AssetImportWorkerClient::OnTransportError - code=2 error=End of file
